<?xml version="1.0" encoding="UTF-8"?>
<!-- Generated by org.testng.reporters.JUnitReportReporter -->
<testsuite hostname="DESKTOP-MMIQK27" failures="0" tests="3" name="files.DynamicJson" time="2.506" errors="0" timestamp="2023-08-25T00:39:56 IST" skipped="0">
  <testcase classname="files.DynamicJson" name="addBook" time="2.108"/>
  <testcase classname="files.DynamicJson" name="addBook" time="0.199"/>
  <testcase classname="files.DynamicJson" name="addBook" time="0.199"/>
</testsuite> <!-- files.DynamicJson -->
