<?xml version="1.0" encoding="UTF-8"?>
<!-- Generated by org.testng.reporters.JUnitReportReporter -->
<testsuite hostname="DESKTOP-MMIQK27" failures="0" tests="1" name="API.RestAssured.SumValidation" time="1.189" errors="0" timestamp="2023-08-24T20:47:54 IST" skipped="0">
  <testcase classname="API.RestAssured.SumValidation" name="sumOfCourses" time="1.189"/>
</testsuite> <!-- API.RestAssured.SumValidation -->
